d:\d_box\learning\workspace\c++studio\trlsr_language\trlsr_language\x64\debug\vc141.pdb
d:\d_box\learning\workspace\c++studio\trlsr_language\trlsr_language\x64\debug\vc141.idb
d:\d_box\learning\workspace\c++studio\trlsr_language\trlsr_language\x64\debug\trlsr_language.obj
d:\d_box\learning\workspace\c++studio\trlsr_language\trlsr_language\x64\debug\lexer.obj
d:\d_box\learning\workspace\c++studio\trlsr_language\trlsr_language\x64\debug\evaluator.obj
d:\d_box\learning\workspace\c++studio\trlsr_language\trlsr_language\x64\debug\input.obj
d:\d_box\learning\workspace\c++studio\trlsr_language\trlsr_language\x64\debug\parser.obj
d:\d_box\learning\workspace\c++studio\trlsr_language\trlsr_language\x64\debug\token.obj
d:\d_box\learning\workspace\c++studio\trlsr_language\trlsr_language\x64\debug\text.obj
d:\d_box\learning\workspace\c++studio\trlsr_language\trlsr_language\x64\debug\node.obj
d:\d_box\learning\workspace\c++studio\trlsr_language\trlsr_language\x64\debug\data.obj
d:\d_box\learning\workspace\c++studio\trlsr_language\trlsr_language\x64\debug\compiler.obj
d:\d_box\learning\workspace\c++studio\trlsr_language\trlsr_language\x64\debug\trlsr_language.pch
d:\d_box\learning\workspace\c++studio\trlsr_language\trlsr_language\x64\debug\pch.obj
d:\d_box\learning\workspace\c++studio\trlsr_language\x64\debug\trlsr_language.exe
d:\d_box\learning\workspace\c++studio\trlsr_language\x64\debug\trlsr_language.ilk
d:\d_box\learning\workspace\c++studio\trlsr_language\x64\debug\trlsr_language.pdb
d:\d_box\learning\workspace\c++studio\trlsr_language\trlsr_language\x64\debug\parser.new.obj.enc
d:\d_box\learning\workspace\c++studio\trlsr_language\trlsr_language\x64\debug\trlsr_language.tlog\cl.command.1.tlog
d:\d_box\learning\workspace\c++studio\trlsr_language\trlsr_language\x64\debug\trlsr_language.tlog\cl.read.1.tlog
d:\d_box\learning\workspace\c++studio\trlsr_language\trlsr_language\x64\debug\trlsr_language.tlog\cl.write.1.tlog
d:\d_box\learning\workspace\c++studio\trlsr_language\trlsr_language\x64\debug\trlsr_language.tlog\link.command.1.tlog
d:\d_box\learning\workspace\c++studio\trlsr_language\trlsr_language\x64\debug\trlsr_language.tlog\link.read.1.tlog
d:\d_box\learning\workspace\c++studio\trlsr_language\trlsr_language\x64\debug\trlsr_language.tlog\link.write.1.tlog
