  pch.cpp
d:\d_box\learning\workspace\c++studio\trlsr_language\trlsr_language\input.h(45): warning C4290: 忽略 C++ 异常规范，但指示函数不是 __declspec(nothrow)
d:\d_box\learning\workspace\c++studio\trlsr_language\trlsr_language\evaluator.h(626): warning C4267: “参数”: 从“size_t”转换到“unsigned int”，可能丢失数据
  Evaluator.cpp
  Input.cpp
d:\d_box\learning\workspace\c++studio\trlsr_language\trlsr_language\input.cpp(50): warning C4290: 忽略 C++ 异常规范，但指示函数不是 __declspec(nothrow)
  Lexer.cpp
d:\d_box\learning\workspace\c++studio\trlsr_language\trlsr_language\lexer.cpp(24): warning C4267: “初始化”: 从“size_t”转换到“int”，可能丢失数据
d:\d_box\learning\workspace\c++studio\trlsr_language\trlsr_language\lexer.cpp(152): warning C4267: “初始化”: 从“size_t”转换到“int”，可能丢失数据
d:\d_box\learning\workspace\c++studio\trlsr_language\trlsr_language\lexer.cpp(222): warning C4267: “=”: 从“size_t”转换到“unsigned int”，可能丢失数据
d:\d_box\learning\workspace\c++studio\trlsr_language\trlsr_language\lexer.cpp(290): warning C4267: “初始化”: 从“size_t”转换到“unsigned int”，可能丢失数据
d:\d_box\learning\workspace\c++studio\trlsr_language\trlsr_language\lexer.cpp(302): warning C4267: “初始化”: 从“size_t”转换到“unsigned int”，可能丢失数据
d:\d_box\learning\workspace\c++studio\trlsr_language\trlsr_language\lexer.cpp(314): warning C4267: “初始化”: 从“size_t”转换到“unsigned int”，可能丢失数据
  Node.cpp
  Parser.cpp
d:\d_box\learning\workspace\c++studio\trlsr_language\trlsr_language\parser.cpp(56): warning C4267: “=”: 从“size_t”转换到“int”，可能丢失数据
d:\d_box\learning\workspace\c++studio\trlsr_language\trlsr_language\parser.cpp(76): warning C4267: “=”: 从“size_t”转换到“int”，可能丢失数据
  Text.cpp
  Token.cpp
  Trlsr_Language.cpp
d:\d_box\learning\workspace\c++studio\trlsr_language\trlsr_language\trlsr_language.cpp(25): warning C4267: “参数”: 从“size_t”转换到“int”，可能丢失数据
d:\d_box\learning\workspace\c++studio\trlsr_language\trlsr_language\trlsr_language.cpp(26): warning C4267: “参数”: 从“size_t”转换到“int”，可能丢失数据
d:\d_box\learning\workspace\c++studio\trlsr_language\trlsr_language\trlsr_language.cpp(48): warning C4267: “初始化”: 从“size_t”转换到“int”，可能丢失数据
d:\d_box\learning\workspace\c++studio\trlsr_language\trlsr_language\trlsr_language.cpp(94): warning C4267: “参数”: 从“size_t”转换到“int”，可能丢失数据
d:\d_box\learning\workspace\c++studio\trlsr_language\trlsr_language\trlsr_language.cpp(104): warning C4267: “初始化”: 从“size_t”转换到“int”，可能丢失数据
d:\d_box\learning\workspace\c++studio\trlsr_language\trlsr_language\trlsr_language.cpp(118): warning C4267: “参数”: 从“size_t”转换到“int”，可能丢失数据
d:\d_box\learning\workspace\c++studio\trlsr_language\trlsr_language\trlsr_language.cpp(128): warning C4267: “初始化”: 从“size_t”转换到“int”，可能丢失数据
d:\d_box\learning\workspace\c++studio\trlsr_language\trlsr_language\trlsr_language.cpp(140): warning C4267: “参数”: 从“size_t”转换到“int”，可能丢失数据
d:\d_box\learning\workspace\c++studio\trlsr_language\trlsr_language\trlsr_language.cpp(145): warning C4267: “参数”: 从“size_t”转换到“int”，可能丢失数据
d:\d_box\learning\workspace\c++studio\trlsr_language\trlsr_language\trlsr_language.cpp(156): warning C4267: “初始化”: 从“size_t”转换到“int”，可能丢失数据
d:\d_box\learning\workspace\c++studio\trlsr_language\trlsr_language\trlsr_language.cpp(172): warning C4267: “参数”: 从“size_t”转换到“int”，可能丢失数据
  正在生成代码...
  Trlsr_Language.vcxproj -> D:\D_box\learning\workspace\C++studio\Trlsr_Language\x64\Debug\Trlsr_Language.exe
